<?xml version="1.0" encoding="UTF-8"?>
<!-- Generated by org.testng.reporters.JUnitXMLReporter -->
<testsuite hostname="INHYDJPACHA" ignored="2" name="Test" tests="5" failures="0" timestamp="14 Dec 2020 11:17:21 GMT" time="156.649" errors="0">
  <testcase name="BusinessSignIntestCase" time="11.185" classname="tests.SignInTestCases"/>
  <testcase name="BusinessSignIntestCaseNegative" time="10.476" classname="tests.SignInTestCases"/>
  <testcase name="PersonalSignIntestCase" time="13.024" classname="tests.SignInTestCases"/>
  <testcase name="BusinessSignUptestCase" time="16.641" classname="tests.SignUpTest"/>
  <testcase name="PersonalSignUptestCase" time="17.602" classname="tests.SignUpTest"/>
  <testcase name="@AfterSuite afterSuite" time="0.0" classname="utils.supportlibraries.BaseTest">
    <ignored/>
  </testcase> <!-- @AfterSuite afterSuite -->
  <testcase name="@BeforeSuite setUp" time="0.0" classname="utils.supportlibraries.BaseTest">
    <ignored/>
  </testcase> <!-- @BeforeSuite setUp -->
</testsuite> <!-- Test -->
